Alert service starting ==========2023-12-05T15:00:00==========count no : 1=====================
  2023-12-05 15:38:07,763 Alert service id('S2-A1', 'Quality Rejection Alert', 'total_rejection', '>', '10', '5', 'all,MC1001,MC1002,MC1003,MC1004,MC1005,MC1006', 'all,PT1001,PT1002,PT1003,PT1004,PT1005,PT1006,PT1007,PT1008,PT1009,PT1010,PT1011,PT1012,PT1013,PT1014,PT1015,PT1016,PT1017,PT1018,PT1019,PT1020,PT1021,PT1022,PT1023,PT1024,PT1025,PT1026,PT1027,PT1028,PT1029,PT1030,PT1031,PT1032,PT1033,PT1034,PT1035,PT1036,PT1037,PT1038,PT1039,PT1040', 'empty', 'kksharathkumar0765@gmail.com               ', 'production@ganesmetplast.com               ', '', '', '', '', 'm/c 01 quality alert', '10nos rej', '', 'UM1001', datetime.datetime(2023, 12, 5, 15, 0, 43), 'email', 0, '2023-12-05T16:00:00')
2023-12-05 15:38:07,768 Starting new HTTP connection (1): localhost:80
2023-12-05 15:38:07,773 http://localhost:80 "POST /alert_service_change/corrected_index.php?from_time=2023-12-05T10%3A00%3A00&to_time=2023-12-05T15%3A00%3A00&machine_arr=all%2CMC1001%2CMC1002%2CMC1003%2CMC1004%2CMC1005%2CMC1006&part_arr=all%2CPT1001%2CPT1002%2CPT1003%2CPT1004%2CPT1005%2CPT1006%2CPT1007%2CPT1008%2CPT1009%2CPT1010%2CPT1011%2CPT1012%2CPT1013%2CPT1014%2CPT1015%2CPT1016%2CPT1017%2CPT1018%2CPT1019%2CPT1020%2CPT1021%2CPT1022%2CPT1023%2CPT1024%2CPT1025%2CPT1026%2CPT1027%2CPT1028%2CPT1029%2CPT1030%2CPT1031%2CPT1032%2CPT1033%2CPT1034%2CPT1035%2CPT1036%2CPT1037%2CPT1038%2CPT1039%2CPT1040&site_id=S1002&res=total_rejection HTTP/1.1" 200 1
2023-12-05 15:38:07,773 Alert service api status200
2023-12-05 15:38:07,774 Alert service api data0
Alert service starting ==========2023-12-05T15:00:00==========count no : 1=====================
  2023-12-05 15:42:31,163 Alert service id('S2-A1', 'Quality Rejection Alert', 'total_rejection', '>', '10', '5', 'all,MC1001,MC1002,MC1003,MC1004,MC1005,MC1006', 'all,PT1001,PT1002,PT1003,PT1004,PT1005,PT1006,PT1007,PT1008,PT1009,PT1010,PT1011,PT1012,PT1013,PT1014,PT1015,PT1016,PT1017,PT1018,PT1019,PT1020,PT1021,PT1022,PT1023,PT1024,PT1025,PT1026,PT1027,PT1028,PT1029,PT1030,PT1031,PT1032,PT1033,PT1034,PT1035,PT1036,PT1037,PT1038,PT1039,PT1040', 'empty', 'kksharathkumar0765@gmail.com               ', 'production@ganesmetplast.com               ', '', '', '', '', 'm/c 01 quality alert', '10nos rej', '', 'UM1001', datetime.datetime(2023, 12, 5, 15, 0, 43), 'email', 0, '2023-12-05T16:00:00')
2023-12-05 15:42:31,167 Starting new HTTP connection (1): localhost:80
2023-12-05 15:42:31,171 http://localhost:80 "POST /alert_service_change/corrected_index.php?from_time=2023-12-05T10%3A00%3A00&to_time=2023-12-05T15%3A00%3A00&machine_arr=all%2CMC1001%2CMC1002%2CMC1003%2CMC1004%2CMC1005%2CMC1006&part_arr=all%2CPT1001%2CPT1002%2CPT1003%2CPT1004%2CPT1005%2CPT1006%2CPT1007%2CPT1008%2CPT1009%2CPT1010%2CPT1011%2CPT1012%2CPT1013%2CPT1014%2CPT1015%2CPT1016%2CPT1017%2CPT1018%2CPT1019%2CPT1020%2CPT1021%2CPT1022%2CPT1023%2CPT1024%2CPT1025%2CPT1026%2CPT1027%2CPT1028%2CPT1029%2CPT1030%2CPT1031%2CPT1032%2CPT1033%2CPT1034%2CPT1035%2CPT1036%2CPT1037%2CPT1038%2CPT1039%2CPT1040&site_id=S1002&res=total_rejection HTTP/1.1" 200 1
2023-12-05 15:42:31,172 Alert service api status200
2023-12-05 15:42:31,172 Alert service api data0
2023-12-05 15:42:31,173 alert metrics aidS2-A1 the metrics is0.0 > 10.0fail
2023-12-05 15:42:31,173 Alert service id('S2-A4', 'Unnamed Downtime to be Updated', 'total_unnamed_hour', '>', '4', '8', 'all,MC1001,MC1002,MC1003,MC1004,MC1005,MC1006', 'all,PT1001,PT1002,PT1003,PT1004,PT1005,PT1006,PT1007,PT1008,PT1009,PT1010,PT1011,PT1012,PT1013,PT1014,PT1015,PT1016,PT1017,PT1018,PT1019,PT1020,PT1021,PT1022,PT1023,PT1024,PT1025,PT1026,PT1027,PT1028,PT1029,PT1030,PT1031,PT1032,PT1033,PT1034,PT1035,PT1036,PT1037,PT1038,PT1039,PT1040', 'empty', 'kksharathkumar0765@gmail.com    ,jayamech19863@gmail.com    ,mis@ganesmetplast.com    ', 'raju@ganesmetplast.com    ,prabhakaran2802@gmail.com    ', '', '', '', '', 'Unnamed Downtime Reasons to be Updated', 'There has been more than 4 unnamed reasons in the past 24 hours. Request your immediate attention!', '', 'UM1001', datetime.datetime(2023, 12, 5, 15, 3, 26), 'email', 0, '2023-12-05T16:00:00')
2023-12-05 15:42:31,176 Starting new HTTP connection (1): localhost:80
2023-12-05 15:42:31,182 http://localhost:80 "POST /alert_service_change/corrected_index.php?from_time=2023-12-05T07%3A00%3A00&to_time=2023-12-05T15%3A00%3A00&machine_arr=all%2CMC1001%2CMC1002%2CMC1003%2CMC1004%2CMC1005%2CMC1006&part_arr=all%2CPT1001%2CPT1002%2CPT1003%2CPT1004%2CPT1005%2CPT1006%2CPT1007%2CPT1008%2CPT1009%2CPT1010%2CPT1011%2CPT1012%2CPT1013%2CPT1014%2CPT1015%2CPT1016%2CPT1017%2CPT1018%2CPT1019%2CPT1020%2CPT1021%2CPT1022%2CPT1023%2CPT1024%2CPT1025%2CPT1026%2CPT1027%2CPT1028%2CPT1029%2CPT1030%2CPT1031%2CPT1032%2CPT1033%2CPT1034%2CPT1035%2CPT1036%2CPT1037%2CPT1038%2CPT1039%2CPT1040&site_id=S1002&res=total_unnamed_hour HTTP/1.1" 200 1
2023-12-05 15:42:31,183 Alert service api status200
2023-12-05 15:42:31,183 Alert service api data0
2023-12-05 15:42:31,183 alert metrics aidS2-A4 the metrics is0.0 > 4.0fail
2023-12-05 15:42:31,183 Alert service id('S2-A5', '100 unnamed in past 7 days', 'total_unnamed_hour', '>', '100', '8', 'all,MC1001,MC1002,MC1003,MC1004,MC1005,MC1006', 'all,PT1001,PT1002,PT1003,PT1004,PT1005,PT1006,PT1007,PT1008,PT1009,PT1010,PT1011,PT1012,PT1013,PT1014,PT1015,PT1016,PT1017,PT1018,PT1019,PT1020,PT1021,PT1022,PT1023,PT1024,PT1025,PT1026,PT1027,PT1028,PT1029,PT1030,PT1031,PT1032,PT1033,PT1034,PT1035,PT1036,PT1037,PT1038,PT1039,PT1040', 'empty', 'raju@ganesmetplast.com    ,jayamech19863@gmail.com    ,mis@ganesmetplast.com    ,a.sathiyaseelan21', 'prabhakaransmartories@gmail.com    ,madhan.smartories@gmail.com   ', '', '', '', '', 'More than 100 unnamed reasons are not updated', 'There has been more than 100 unnamed reasons in the past 7 days . please pay attention to update .', '', 'UM1001', datetime.datetime(2023, 12, 5, 15, 3, 26), 'email', 0, '2023-12-05T16:00:00')
2023-12-05 15:42:31,185 Starting new HTTP connection (1): localhost:80
2023-12-05 15:42:31,191 http://localhost:80 "POST /alert_service_change/corrected_index.php?from_time=2023-12-05T07%3A00%3A00&to_time=2023-12-05T15%3A00%3A00&machine_arr=all%2CMC1001%2CMC1002%2CMC1003%2CMC1004%2CMC1005%2CMC1006&part_arr=all%2CPT1001%2CPT1002%2CPT1003%2CPT1004%2CPT1005%2CPT1006%2CPT1007%2CPT1008%2CPT1009%2CPT1010%2CPT1011%2CPT1012%2CPT1013%2CPT1014%2CPT1015%2CPT1016%2CPT1017%2CPT1018%2CPT1019%2CPT1020%2CPT1021%2CPT1022%2CPT1023%2CPT1024%2CPT1025%2CPT1026%2CPT1027%2CPT1028%2CPT1029%2CPT1030%2CPT1031%2CPT1032%2CPT1033%2CPT1034%2CPT1035%2CPT1036%2CPT1037%2CPT1038%2CPT1039%2CPT1040&site_id=S1002&res=total_unnamed_hour HTTP/1.1" 200 1
2023-12-05 15:42:31,191 Alert service api status200
2023-12-05 15:42:31,192 Alert service api data0
2023-12-05 15:42:31,192 alert metrics aidS2-A5 the metrics is0.0 > 100.0fail
2023-12-05 15:42:31,193 Alert service id('S2-A6', 'No rejection are updated ', 'total_rejection', '<', '1', '12', 'all,MC1001,MC1002,MC1003,MC1004,MC1005,MC1006', 'all,PT1001,PT1002,PT1003,PT1004,PT1005,PT1006,PT1007,PT1008,PT1009,PT1010,PT1011,PT1012,PT1013,PT1014,PT1015,PT1016,PT1017,PT1018,PT1019,PT1020,PT1021,PT1022,PT1023,PT1024,PT1025,PT1026,PT1027,PT1028,PT1029,PT1030,PT1031,PT1032,PT1033,PT1034,PT1035,PT1036,PT1037,PT1038,PT1039,PT1040', 'empty', 'kksharathkumar0765@gmail.com   ,raju@ganesmetplast.com   ,jayamech19863@gmail.com   ,a.sathiyaseel', 'prabhakaransmartories@gmail.com   ', '', '', '', '', 'No rejections are updated today', 'There is no rejections reasons are updated in past 24 hours. Please pay attention to update the re', '', 'UM1001', datetime.datetime(2023, 12, 5, 14, 50, 55), 'email', 0, '2023-12-06T00:00:00')
2023-12-05 15:42:31,196 Starting new HTTP connection (1): localhost:80
2023-12-05 15:42:31,200 http://localhost:80 "POST /alert_service_change/corrected_index.php?from_time=2023-12-05T03%3A00%3A00&to_time=2023-12-05T15%3A00%3A00&machine_arr=all%2CMC1001%2CMC1002%2CMC1003%2CMC1004%2CMC1005%2CMC1006&part_arr=all%2CPT1001%2CPT1002%2CPT1003%2CPT1004%2CPT1005%2CPT1006%2CPT1007%2CPT1008%2CPT1009%2CPT1010%2CPT1011%2CPT1012%2CPT1013%2CPT1014%2CPT1015%2CPT1016%2CPT1017%2CPT1018%2CPT1019%2CPT1020%2CPT1021%2CPT1022%2CPT1023%2CPT1024%2CPT1025%2CPT1026%2CPT1027%2CPT1028%2CPT1029%2CPT1030%2CPT1031%2CPT1032%2CPT1033%2CPT1034%2CPT1035%2CPT1036%2CPT1037%2CPT1038%2CPT1039%2CPT1040&site_id=S1002&res=total_rejection HTTP/1.1" 200 1
2023-12-05 15:42:31,201 Alert service api status200
2023-12-05 15:42:31,201 Alert service api data0
2023-12-05 15:42:31,201 alert metrics aidS2-A6 the metrics is0.0 < 1.0success
  